
Compiling your contracts...
===========================
> Everything is up to date, there is nothing to compile.



Starting migrations...
======================
> Network name:    'bsctestnet'
> Network id:      97
> Block gas limit: 30000000 (0x1c9c380)


1_initial_migration.js
======================

   Replacing 'Token'
   -----------------
   > transaction hash:    0x7ce841f558a84d73adaf65c829ec52a396a5dae79ba09ec555208c69907cbf6f
   > Blocks: 2            Seconds: 5
   > contract address:    0x05A3822a4028F503757c9b6CB086b372425EB744
   > block number:        10629925
   > block timestamp:     1626403433
   > account:             0x362C378e0855545C521b62bdEDeff54a8a4C677A
   > balance:             3.560146921054318966
   > gas used:            5040531 (0x4ce993)
   > gas price:           20 gwei
   > value sent:          0 ETH
   > total cost:          0.10081062 ETH

   Pausing for 5 confirmations...
   ------------------------------
   > confirmation number: 1 (block: 10629928)
   > confirmation number: 2 (block: 10629929)
   > confirmation number: 4 (block: 10629931)
   > confirmation number: 5 (block: 10629932)
   > Saving artifacts
   -------------------------------------
   > Total cost:          0.10081062 ETH


Summary
=======
> Total deployments:   1
> Final cost:          0.10081062 ETH


